<?xml version="1.0" encoding="UTF-8"?>
<testng-results ignored="0" total="1" passed="1" failed="0" skipped="0">
  <reporter-output>
  </reporter-output>
  <suite started-at="2023-01-27T13:17:20 WAT" name="Default suite" finished-at="2023-01-27T13:17:31 WAT" duration-ms="10620">
    <groups>
    </groups>
    <test started-at="2023-01-27T13:17:20 WAT" name="Default test" finished-at="2023-01-27T13:17:31 WAT" duration-ms="10620">
      <class name="testcase.InvalidLogin">
        <test-method is-config="true" signature="setUp()[pri:0, instance:testcase.InvalidLogin@674aa626]" started-at="2023-01-27T13:17:20 WAT" name="setUp" finished-at="2023-01-27T13:17:29 WAT" duration-ms="8180" status="PASS">
          <reporter-output>
          </reporter-output>
        </test-method> <!-- setUp -->
        <test-method signature="InValidLogin()[pri:0, instance:testcase.InvalidLogin@674aa626]" started-at="2023-01-27T13:17:29 WAT" name="InValidLogin" finished-at="2023-01-27T13:17:31 WAT" duration-ms="1996" status="PASS">
          <reporter-output>
          </reporter-output>
        </test-method> <!-- InValidLogin -->
        <test-method is-config="true" signature="tearDown()[pri:0, instance:testcase.InvalidLogin@674aa626]" started-at="2023-01-27T13:17:31 WAT" name="tearDown" finished-at="2023-01-27T13:17:31 WAT" duration-ms="391" status="PASS">
          <reporter-output>
          </reporter-output>
        </test-method> <!-- tearDown -->
      </class> <!-- testcase.InvalidLogin -->
    </test> <!-- Default test -->
  </suite> <!-- Default suite -->
</testng-results>
